0 info it worked if it ends with ok
1 verbose cli [ 'C:\\Program Files\\nodejs\\node.exe',
1 verbose cli   'C:\\Program Files\\nodejs\\node_modules\\npm\\bin\\npm-cli.js',
1 verbose cli   'start' ]
2 info using npm@3.10.10
3 info using node@v6.10.3
4 verbose run-script [ 'prestart', 'start', 'poststart' ]
5 info lifecycle angular-nimble@1.0.0~prestart: angular-nimble@1.0.0
6 verbose lifecycle angular-nimble@1.0.0~prestart: unsafe-perm in lifecycle true
7 verbose lifecycle angular-nimble@1.0.0~prestart: PATH: C:\Program Files\nodejs\node_modules\npm\bin\node-gyp-bin;D:\srdc\projects\NIMBLE\project_starts\codes\frontend-service\node_modules\.bin;C:\ProgramData\Oracle\Java\javapath;C:\Program Files\Docker\Docker\Resources\bin;C:\WINDOWS\system32;C:\WINDOWS;C:\WINDOWS\System32\Wbem;C:\WINDOWS\System32\WindowsPowerShell\v1.0\;C:\Program Files\Git\cmd;D:\tools\apache-maven-3.3.9\bin;C:\Program Files (x86)\Skype\Phone\;C:\Program Files\PostgreSQL\9.6\bin;C:\Program Files\nodejs\;C:\Program Files\IBM\Bluemix\bin;C:\Python27;C:\Program Files\Intel\WiFi\bin\;C:\Program Files\Common Files\Intel\WirelessCommon\;C:\Program Files\MiKTeX 2.9\miktex\bin\x64\;C:\Users\suat\AppData\Local\Microsoft\WindowsApps;C:\Users\suat\AppData\Roaming\npm;C:\Program Files\Intel\WiFi\bin\;C:\Program Files\Common Files\Intel\WirelessCommon\;
8 verbose lifecycle angular-nimble@1.0.0~prestart: CWD: D:\srdc\projects\NIMBLE\project_starts\codes\frontend-service
9 silly lifecycle angular-nimble@1.0.0~prestart: Args: [ '/d /s /c', 'npm run build' ]
10 silly lifecycle angular-nimble@1.0.0~prestart: Returned: code: 1  signal: null
11 info lifecycle angular-nimble@1.0.0~prestart: Failed to exec prestart script
12 verbose stack Error: angular-nimble@1.0.0 prestart: `npm run build`
12 verbose stack Exit status 1
12 verbose stack     at EventEmitter.<anonymous> (C:\Program Files\nodejs\node_modules\npm\lib\utils\lifecycle.js:255:16)
12 verbose stack     at emitTwo (events.js:106:13)
12 verbose stack     at EventEmitter.emit (events.js:191:7)
12 verbose stack     at ChildProcess.<anonymous> (C:\Program Files\nodejs\node_modules\npm\lib\utils\spawn.js:40:14)
12 verbose stack     at emitTwo (events.js:106:13)
12 verbose stack     at ChildProcess.emit (events.js:191:7)
12 verbose stack     at maybeClose (internal/child_process.js:886:16)
12 verbose stack     at Process.ChildProcess._handle.onexit (internal/child_process.js:226:5)
13 verbose pkgid angular-nimble@1.0.0
14 verbose cwd D:\srdc\projects\NIMBLE\project_starts\codes\frontend-service
15 error Windows_NT 10.0.16299
16 error argv "C:\\Program Files\\nodejs\\node.exe" "C:\\Program Files\\nodejs\\node_modules\\npm\\bin\\npm-cli.js" "start"
17 error node v6.10.3
18 error npm  v3.10.10
19 error code ELIFECYCLE
20 error angular-nimble@1.0.0 prestart: `npm run build`
20 error Exit status 1
21 error Failed at the angular-nimble@1.0.0 prestart script 'npm run build'.
21 error Make sure you have the latest version of node.js and npm installed.
21 error If you do, this is most likely a problem with the angular-nimble package,
21 error not with npm itself.
21 error Tell the author that this fails on your system:
21 error     npm run build
21 error You can get information on how to open an issue for this project with:
21 error     npm bugs angular-nimble
21 error Or if that isn't available, you can get their info via:
21 error     npm owner ls angular-nimble
21 error There is likely additional logging output above.
22 verbose exit [ 1, true ]
